h:\visual studio 2015\projects\sprite_guide\sprite_guide\debug\vc140.pdb
h:\visual studio 2015\projects\sprite_guide\sprite_guide\debug\vc140.idb
h:\visual studio 2015\projects\sprite_guide\sprite_guide\debug\main.obj
\\bournemouth.ac.uk\data\student\home\scitech\s4918198\visual studio 2015\projects\sprite_guide\sprite_guide\debug\vc140.pdb
\\bournemouth.ac.uk\data\student\home\scitech\s4918198\visual studio 2015\projects\sprite_guide\sprite_guide\debug\vc140.idb
\\bournemouth.ac.uk\data\student\home\scitech\s4918198\visual studio 2015\projects\sprite_guide\sprite_guide\debug\main.obj
\\bournemouth.ac.uk\data\student\home\scitech\s4918198\visual studio 2015\projects\sprite_guide\sprite_guide\debug\sprite.obj
\\bournemouth.ac.uk\data\student\home\scitech\s4918198\visual studio 2015\projects\sprite_guide\sprite_guide\debug\charactercontroller.obj
\\bournemouth.ac.uk\data\student\home\scitech\s4918198\visual studio 2015\projects\sprite_guide\sprite_guide\debug\scrollingbackground.obj
\\bournemouth.ac.uk\data\student\home\scitech\s4918198\visual studio 2015\projects\sprite_guide\sprite_guide\debug\animationsprite.obj
h:\visual studio 2015\projects\sprite_guide\debug\sprite_guide.ilk
h:\visual studio 2015\projects\sprite_guide\debug\sprite_guide.exe
h:\visual studio 2015\projects\sprite_guide\debug\sprite_guide.pdb
\\bournemouth.ac.uk\data\student\home\scitech\s4918198\visual studio 2015\projects\sprite_guide\debug\sprite_guide.ilk
\\bournemouth.ac.uk\data\student\home\scitech\s4918198\visual studio 2015\projects\sprite_guide\debug\sprite_guide.exe
\\bournemouth.ac.uk\data\student\home\scitech\s4918198\visual studio 2015\projects\sprite_guide\debug\sprite_guide.pdb
\\bournemouth.ac.uk\data\student\home\scitech\s4918198\visual studio 2015\projects\sprite_guide\sprite_guide\debug\sprite_guide.tlog\cl.read.1.tlog
\\bournemouth.ac.uk\data\student\home\scitech\s4918198\visual studio 2015\projects\sprite_guide\sprite_guide\debug\sprite_guide.tlog\cl.write.1.tlog
\\bournemouth.ac.uk\data\student\home\scitech\s4918198\visual studio 2015\projects\sprite_guide\sprite_guide\debug\sprite_guide.tlog\cl.command.1.tlog
\\bournemouth.ac.uk\data\student\home\scitech\s4918198\visual studio 2015\projects\sprite_guide\sprite_guide\debug\sprite_guide.tlog\link.command.1.tlog
\\bournemouth.ac.uk\data\student\home\scitech\s4918198\visual studio 2015\projects\sprite_guide\sprite_guide\debug\sprite_guide.tlog\link.read.1.tlog
\\bournemouth.ac.uk\data\student\home\scitech\s4918198\visual studio 2015\projects\sprite_guide\sprite_guide\debug\sprite_guide.tlog\link.write.1.tlog
